Get compiler version using: ifort --version
/network/software/linux-x86_64/arc/compilers/intel/intelCS-2013/bin/ifort
ifort (IFORT) 14.0.0 20130728
Copyright (C) 1985-2013 Intel Corporation.  All rights reserved.

<-- compiler version ----

running: check_fortran_compiler
 ifort -m64 -convert big_endian -assume byterecl -mcmodel=medium -O2 -align -ip -fp-model source -xHost -c genmake_tcomp.f
 ifort -shared-intel -m64 -convert big_endian -assume byterecl -mcmodel=medium -O2 -align -ip -fp-model source -xHost -o genmake_tcomp genmake_tcomp.o
 ./genmake_tcomp
 hello world :            1
 hello world :            2
 hello world :            3
 --> set FC_CHECK= 5 /5

running: look_for_makedepend()
 --> set MAKEDEPEND=$(TOOLSDIR)/xmakedepend

running: check_HAVE_CLOC()
 running: get_fortran_c_namemangling()
 icc -O0 -ip -m64 -xHost -mcmodel=medium -c genmake_test.c
 ifort -m64 -convert big_endian -assume byterecl -mcmodel=medium -c genmake_tcomp.f
 --> set FC_NAMEMANGLE='#define FC_NAMEMANGLE(X)  X ## _'
icc -O0 -ip -m64 -xHost -mcmodel=medium -c genmake_tc_1.c
ifort -m64 -convert big_endian -assume byterecl -mcmodel=medium -o genmake_tc genmake_tc_2.f genmake_tc_1.o
  HELLO WORLD   1616410688.74717     
 --> set HAVE_CLOC='t'

running: check_HAVE_SETRLSTK()
icc -O0 -ip -m64 -xHost -mcmodel=medium -c genmake_tc_1.c
      program hello
      external setrlstk
      call setrlstk()
      end
ifort -m64 -convert big_endian -assume byterecl -mcmodel=medium -o genmake_tc genmake_tc_2.f genmake_tc_1.o
 --> set HAVE_SETRLSTK='t'

running: check_HAVE_SIGREG()
icc -O0 -ip -m64 -xHost -mcmodel=medium -c genmake_tc_1.c
genmake_tc_1.c(11): warning #274: declaration is not visible outside of function
      unsigned int sn, siginfo_t  si, struct ucontext *sc )
                                             ^

      program hello
      integer anint
      common /iv/ anint
      external sigreg
      call sigreg(anint)
      end
ifort -m64 -convert big_endian -assume byterecl -mcmodel=medium -o genmake_tc genmake_tc_2.f genmake_tc_1.o
 --> set HAVE_SIGREG='t'

running: check_HAVE_STAT()
icc -O0 -ip -m64 -xHost -mcmodel=medium -c genmake_tc_1.c
      program hello
      integer nbyte
      call tfsize(nbyte)
      print *," HELLO WORLD", nbyte
      end
ifort -m64 -convert big_endian -assume byterecl -mcmodel=medium -o genmake_tc genmake_tc_2.f genmake_tc_1.o
 --> set HAVE_STAT='t'

running: check_netcdf_libs()
===  genmake_tnc.F  >>>
      program fgennc
#include "netcdf.inc"
      integer iret, ncid, xid
      iret = nf_create('genmake_tnc.nc', NF_CLOBBER, ncid)
      IF (iret .NE. NF_NOERR) write(*,*) NF_STRERROR(iret)
      iret = nf_def_dim(ncid, 'X', 11, xid)
      IF (iret .NE. NF_NOERR) write(*,*) NF_STRERROR(iret)
      iret = nf_close(ncid)
      IF (iret .NE. NF_NOERR) write(*,*) NF_STRERROR(iret)
      end
<<<  genmake_tnc.F  ===
cat genmake_tnc.F |  cpp -traditional -P -DWORDLENGTH=4 -DHAVE_SYSTEM -DHAVE_FDATE -DHAVE_ETIME_FCT -DHAVE_CLOC -DHAVE_SETRLSTK -DHAVE_SIGREG -DHAVE_STAT 
ifort  -m64 -convert big_endian -assume byterecl -mcmodel=medium -O2 -align -ip -fp-model source -xHost -c genmake_tnc.f  \ 
  &&  ifort -shared-intel  -m64 -convert big_endian -assume byterecl -mcmodel=medium -O2 -align -ip -fp-model source -xHost -o genmake_tnc.o 
genmake_tnc.o: In function `MAIN__':
genmake_tnc.f:(.text+0x53): undefined reference to `nf_create_'
genmake_tnc.f:(.text+0x93): undefined reference to `nf_def_dim_'
genmake_tnc.f:(.text+0xb1): undefined reference to `nf_close_'
genmake_tnc.f:(.text+0xe2): undefined reference to `nf_strerror_'
genmake_tnc.f:(.text+0x158): undefined reference to `nf_strerror_'
genmake_tnc.f:(.text+0x1ca): undefined reference to `nf_strerror_'

==> try again with added '-lnetcdf'
cat genmake_tnc.F |  cpp -traditional -P -DWORDLENGTH=4 -DHAVE_SYSTEM -DHAVE_FDATE -DHAVE_ETIME_FCT -DHAVE_CLOC -DHAVE_SETRLSTK -DHAVE_SIGREG -DHAVE_STAT  > genmake_tnc.f \ 
 &&  ifort  -m64 -convert big_endian -assume byterecl -mcmodel=medium -O2 -align -ip -fp-model source -xHost -c genmake_tnc.f \ 
 &&  ifort -shared-intel  -m64 -convert big_endian -assume byterecl -mcmodel=medium -O2 -align -ip -fp-model source -xHost -o genmake_tnc genmake_tnc.o  -lnetcdf
genmake_tnc.o: In function `MAIN__':
genmake_tnc.f:(.text+0x53): undefined reference to `nf_create_'
genmake_tnc.f:(.text+0x93): undefined reference to `nf_def_dim_'
genmake_tnc.f:(.text+0xb1): undefined reference to `nf_close_'
genmake_tnc.f:(.text+0xe2): undefined reference to `nf_strerror_'
genmake_tnc.f:(.text+0x158): undefined reference to `nf_strerror_'
genmake_tnc.f:(.text+0x1ca): undefined reference to `nf_strerror_'

==> try again with added '-lnetcdff -lnetcdf'
cat genmake_tnc.F |  cpp -traditional -P -DWORDLENGTH=4 -DHAVE_SYSTEM -DHAVE_FDATE -DHAVE_ETIME_FCT -DHAVE_CLOC -DHAVE_SETRLSTK -DHAVE_SIGREG -DHAVE_STAT  > genmake_tnc.f \ 
 &&  ifort  -m64 -convert big_endian -assume byterecl -mcmodel=medium -O2 -align -ip -fp-model source -xHost -c genmake_tnc.f \ 
 &&  ifort -shared-intel  -m64 -convert big_endian -assume byterecl -mcmodel=medium -O2 -align -ip -fp-model source -xHost -o genmake_tnc genmake_tnc.o  -lnetcdf
check_netcdf: successful
 --> set HAVE_NETCDF='t'

running: check_HAVE_FLUSH()
  check_HAVE_FLUSH: successful
 --> set HAVE_FLUSH='t'
