 Total Nb of available Diagnostics: ndiagt=   160
------------------------------------------------------------------------------------
  Num  |<-Name->|Levs|  mate |<- code ->|<--  Units   -->|<- Tile (max=80c)         
------------------------------------------------------------------------------------
     1 |SDIAG1  |  1 |       |SM      L1|user-defined    |User-Defined   Surface   Diagnostic  #1
     2 |SDIAG2  |  1 |       |SM      L1|user-defined    |User-Defined   Surface   Diagnostic  #2
     3 |SDIAG3  |  1 |       |SM      L1|user-defined    |User-Defined   Surface   Diagnostic  #3
     4 |SDIAG4  |  1 |       |SM      L1|user-defined    |User-Defined   Surface   Diagnostic  #4
     5 |SDIAG5  |  1 |       |SM      L1|user-defined    |User-Defined   Surface   Diagnostic  #5
     6 |SDIAG6  |  1 |       |SM      L1|user-defined    |User-Defined   Surface   Diagnostic  #6
     7 |SDIAG7  |  1 |       |SU      L1|user-defined    |User-Defined U.pt Surface Diagnostic #7
     8 |SDIAG8  |  1 |       |SV      L1|user-defined    |User-Defined V.pt Surface Diagnostic #8
     9 |SDIAG9  |  1 |    10 |UU      L1|user-defined    |User-Defined U.vector Surface Diag.  #9
    10 |SDIAG10 |  1 |     9 |VV      L1|user-defined    |User-Defined V.vector Surface Diag. #10
    11 |UDIAG1  |  1 |       |SM      MR|user-defined    |User-Defined Model-Level Diagnostic  #1
    12 |UDIAG2  |  1 |       |SM      MR|user-defined    |User-Defined Model-Level Diagnostic  #2
    13 |UDIAG3  |  1 |       |SMR     MR|user-defined    |User-Defined Model-Level Diagnostic  #3
    14 |UDIAG4  |  1 |       |SMR     MR|user-defined    |User-Defined Model-Level Diagnostic  #4
    15 |UDIAG5  |  1 |       |SU      MR|user-defined    |User-Defined U.pt Model-Level Diag.  #5
    16 |UDIAG6  |  1 |       |SV      MR|user-defined    |User-Defined V.pt Model-Level Diag.  #6
    17 |UDIAG7  |  1 |    18 |UUR     MR|user-defined    |User-Defined U.vector Model-Lev Diag.#7
    18 |UDIAG8  |  1 |    17 |VVR     MR|user-defined    |User-Defined V.vector Model-Lev Diag.#8
    19 |UDIAG9  |  1 |       |SM      ML|user-defined    |User-Defined Phys-Level  Diagnostic  #9
    20 |UDIAG10 |  1 |       |SM      ML|user-defined    |User-Defined Phys-Level  Diagnostic #10
    21 |SDIAGC  |  1 |    22 |SM  C   L1|user-defined    |User-Defined Counted Surface Diagnostic
    22 |SDIAGCC |  1 |       |SM      L1|count           |User-Defined Surface Diagnostic Counter
    23 |ETAN    |  1 |       |SM      M1|m               |Surface Height Anomaly
    24 |ETANSQ  |  1 |       |SM P    M1|m^2             |Square of Surface Height Anomaly
    25 |DETADT2 |  1 |       |SM      M1|m^2/s^2         |Square of Surface Height Anomaly Tendency
    26 |THETA   |  1 |       |SMR     MR|degC            |Potential Temperature
    27 |SALT    |  1 |       |SMR     MR|psu             |Salinity
    28 |RELHUM  |  1 |       |SMR     MR|percent         |Relative Humidity
    29 |SALTanom|  1 |       |SMR     MR|psu             |Salt anomaly (=SALT-35; g/kg)
    30 |UVEL    |  1 |    31 |UUR     MR|m/s             |Zonal Component of Velocity (m/s)
    31 |VVEL    |  1 |    30 |VVR     MR|m/s             |Meridional Component of Velocity (m/s)
    32 |WVEL    |  1 |       |WM      LR|m/s             |Vertical Component of Velocity (r_units/s)
    33 |THETASQ |  1 |       |SMRP    MR|degC^2          |Square of Potential Temperature
    34 |SALTSQ  |  1 |       |SMRP    MR|(psu)^2         |Square of Salinity
    35 |SALTSQan|  1 |       |SMRP    MR|(psu)^2         |Square of Salt anomaly (=(SALT-35)^2 (g^2/kg^2)
    36 |UVELSQ  |  1 |    37 |UURP    MR|m^2/s^2         |Square of Zonal Comp of Velocity (m^2/s^2)
    37 |VVELSQ  |  1 |    36 |VVRP    MR|m^2/s^2         |Square of Meridional Comp of Velocity (m^2/s^2)
    38 |WVELSQ  |  1 |       |WM P    LR|m^2/s^2         |Square of Vertical Comp of Velocity
    39 |UE_VEL_C|  1 |    40 |UMR     MR|m/s             |Eastward Velocity (m/s) (cell center)
    40 |VN_VEL_C|  1 |    39 |VMR     MR|m/s             |Northward Velocity (m/s) (cell center)
    41 |UV_VEL_C|  1 |    41 |UMR     MR|m^2/s^2         |Product of horizontal Comp of velocity (cell center)
    42 |UV_VEL_Z|  1 |    42 |UZR     MR|m^2/s^2         |Meridional Transport of Zonal Momentum (m^2/s^2)
    43 |WU_VEL  |  1 |       |WU      LR|m.m/s^2         |Vertical Transport of Zonal Momentum
    44 |WV_VEL  |  1 |       |WV      LR|m.m/s^2         |Vertical Transport of Meridional Momentum
    45 |UVELMASS|  1 |    46 |UUr     MR|m/s             |Zonal Mass-Weighted Comp of Velocity (m/s)
    46 |VVELMASS|  1 |    45 |VVr     MR|m/s             |Meridional Mass-Weighted Comp of Velocity (m/s)
    47 |WVELMASS|  1 |       |WM      LR|m/s             |Vertical Mass-Weighted Comp of Velocity
    48 |PhiVEL  |  1 |    45 |SMR P   MR|m^2/s           |Horizontal Velocity Potential (m^2/s)
    49 |PsiVEL  |  1 |    48 |SZ  P   MR|m.m^2/s         |Horizontal Velocity Stream-Function
    50 |UTHMASS |  1 |    51 |UUr     MR|degC.m/s        |Zonal Mass-Weight Transp of Pot Temp
    51 |VTHMASS |  1 |    50 |VVr     MR|degC.m/s        |Meridional Mass-Weight Transp of Pot Temp
    52 |WTHMASS |  1 |       |WM      LR|degC.m/s        |Vertical Mass-Weight Transp of Pot Temp (K.m/s)
    53 |USLTMASS|  1 |    54 |UUr     MR|psu.m/s         |Zonal Mass-Weight Transp of Salinity
    54 |VSLTMASS|  1 |    53 |VVr     MR|psu.m/s         |Meridional Mass-Weight Transp of Salinity
    55 |WSLTMASS|  1 |       |WM      LR|psu.m/s         |Vertical Mass-Weight Transp of Salinity
    56 |UVELTH  |  1 |    57 |UUR     MR|degC.m/s        |Zonal Transport of Pot Temp
    57 |VVELTH  |  1 |    56 |VVR     MR|degC.m/s        |Meridional Transport of Pot Temp
    58 |WVELTH  |  1 |       |WM      LR|degC.m/s        |Vertical Transport of Pot Temp
    59 |UVELSLT |  1 |    60 |UUR     MR|psu.m/s         |Zonal Transport of Salinity
    60 |VVELSLT |  1 |    59 |VVR     MR|psu.m/s         |Meridional Transport of Salinity
    61 |WVELSLT |  1 |       |WM      LR|psu.m/s         |Vertical Transport of Salinity
    62 |UVELPHI |  1 |    63 |UUr     MR|m^3/s^3         |Zonal Mass-Weight Transp of Pressure Pot.(p/rho) Anomaly
    63 |VVELPHI |  1 |    62 |VVr     MR|m^3/s^3         |Merid. Mass-Weight Transp of Pressure Pot.(p/rho) Anomaly
    64 |RHOAnoma|  1 |       |SMR     MR|kg/m^3          |Density Anomaly (=Rho-rhoConst)
    65 |RHOANOSQ|  1 |       |SMRP    MR|kg^2/m^6        |Square of Density Anomaly (=(Rho-rhoConst)^2)
    66 |URHOMASS|  1 |    67 |UUr     MR|kg/m^2/s        |Zonal Transport of Density
    67 |VRHOMASS|  1 |    66 |VVr     MR|kg/m^2/s        |Meridional Transport of Density
    68 |WRHOMASS|  1 |       |WM      LR|kg/m^2/s        |Vertical Transport of Density
    69 |WdRHO_P |  1 |       |WM      LR|kg/m^2/s        |Vertical velocity times delta^k(Rho)_at-const-P
    70 |WdRHOdP |  1 |       |WM      LR|kg/m^2/s        |Vertical velocity times delta^k(Rho)_at-const-T,S
    71 |PHIHYD  |  1 |       |SMR     MR|m^2/s^2         |Hydrostatic Pressure Pot.(p/rho) Anomaly
    72 |PHIHYDSQ|  1 |       |SMRP    MR|m^4/s^4         |Square of Hyd. Pressure Pot.(p/rho) Anomaly
    73 |PHIBOT  |  1 |       |SM      M1|m^2/s^2         |Bottom Pressure Pot.(p/rho) Anomaly
    74 |PHIBOTSQ|  1 |       |SM P    M1|m^4/s^4         |Square of Bottom Pressure Pot.(p/rho) Anomaly
    75 |PHI_SURF|  1 |       |SM      M1|m^2/s^2         |Surface Dynamical Pressure Pot.(p/rho)
    76 |MXLDEPTH|  1 |       |SM      M1|m               |Mixed-Layer Depth (>0)
    77 |DRHODR  |  1 |       |SM      LR|kg/m^4          |Stratification: d.Sigma/dr (kg/m3/r_unit)
    78 |CONVADJ |  1 |       |SMR     LR|fraction        |Convective Adjustment Index [0-1]
    79 |oceTAUX |  1 |    80 |UU      U1|N/m^2           |zonal surface wind stress, >0 increases uVel
    80 |oceTAUY |  1 |    79 |VV      U1|N/m^2           |meridional surf. wind stress, >0 increases vVel
    81 |atmPload|  1 |       |SM      U1|Pa              |Atmospheric pressure loading anomaly (vs surf_pRef)
    82 |sIceLoad|  1 |       |SM      U1|kg/m^2          |sea-ice loading (in Mass of ice+snow / area unit)
    83 |oceFWflx|  1 |       |SM      U1|kg/m^2/s        |net surface Fresh-Water flux into the ocean (+=down), >0 decreases salinity
    84 |oceSflux|  1 |       |SM      U1|g/m^2/s         |net surface Salt flux into the ocean (+=down), >0 increases salinity
    85 |oceQnet |  1 |       |SM      U1|W/m^2           |net surface heat flux into the ocean (+=down), >0 increases theta
    86 |oceQsw  |  1 |       |SM      U1|W/m^2           |net Short-Wave radiation (+=down), >0 increases theta
    87 |oceFreez|  1 |       |SM      U1|W/m^2           |heating from freezing of sea-water (allowFreezing=T)
    88 |TRELAX  |  1 |       |SM      U1|W/m^2           |surface temperature relaxation, >0 increases theta
    89 |SRELAX  |  1 |       |SM      U1|g/m^2/s         |surface salinity relaxation, >0 increases salt
    90 |surForcT|  1 |       |SM      U1|W/m^2           |model surface forcing for Temperature, >0 increases theta
    91 |surForcS|  1 |       |SM      U1|g/m^2/s         |model surface forcing for Salinity, >0 increases salinity
    92 |TFLUX   |  1 |       |SM      U1|W/m^2           |total heat flux (match heat-content variations), >0 increases theta
    93 |SFLUX   |  1 |       |SM      U1|g/m^2/s         |total salt flux (match salt-content variations), >0 increases salt
    94 |RCENTER |  1 |       |SM      MR|m               |Cell-Center Height
    95 |RSURF   |  1 |       |SM      M1|m               |Surface Height
    96 |TOTUTEND|  1 |    97 |UUR     MR|m/s/day         |Tendency of Zonal Component of Velocity
    97 |TOTVTEND|  1 |    96 |VVR     MR|m/s/day         |Tendency of Meridional Component of Velocity
    98 |TOTTTEND|  1 |       |SMR     MR|degC/day        |Tendency of Potential Temperature
    99 |TOTSTEND|  1 |       |SMR     MR|psu/day         |Tendency of Salinity
------------------------------------------------------------------------------------
  Num  |<-Name->|Levs|  mate |<- code ->|<--  Units   -->|<- Tile (max=80c)         
------------------------------------------------------------------------------------
   100 |MoistCor|  1 |       |SM      MR|W/m^2           |Heating correction due to moist thermodynamics
   101 |AB_gU   |  1 |   102 |UUR     MR|m/s^2           |U momentum tendency from Adams-Bashforth
   102 |AB_gV   |  1 |   101 |VVR     MR|m/s^2           |V momentum tendency from Adams-Bashforth
   103 |VISCAHZ |  1 |       |SZ      MR|m^2/s           |Harmonic Visc Coefficient (m2/s) (Zeta Pt)
   104 |VISCA4Z |  1 |       |SZ      MR|m^4/s           |Biharmonic Visc Coefficient (m4/s) (Zeta Pt)
   105 |VISCAHD |  1 |       |SM      MR|m^2/s           |Harmonic Viscosity Coefficient (m2/s) (Div Pt)
   106 |VISCA4D |  1 |       |SM      MR|m^4/s           |Biharmonic Viscosity Coefficient (m4/s) (Div Pt)
   107 |VISCAHW |  1 |       |WM      LR|m^2/s           |Harmonic Viscosity Coefficient (m2/s) (W Pt)
   108 |VISCA4W |  1 |       |WM      LR|m^4/s           |Biharmonic Viscosity Coefficient (m4/s) (W Pt)
   109 |VAHZMAX |  1 |       |SZ      MR|m^2/s           |CFL-MAX Harm Visc Coefficient (m2/s) (Zeta Pt)
   110 |VA4ZMAX |  1 |       |SZ      MR|m^4/s           |CFL-MAX Biharm Visc Coefficient (m4/s) (Zeta Pt)
   111 |VAHDMAX |  1 |       |SM      MR|m^2/s           |CFL-MAX Harm Visc Coefficient (m2/s) (Div Pt)
   112 |VA4DMAX |  1 |       |SM      MR|m^4/s           |CFL-MAX Biharm Visc Coefficient (m4/s) (Div Pt)
   113 |VAHZMIN |  1 |       |SZ      MR|m^2/s           |RE-MIN Harm Visc Coefficient (m2/s) (Zeta Pt)
   114 |VA4ZMIN |  1 |       |SZ      MR|m^4/s           |RE-MIN Biharm Visc Coefficient (m4/s) (Zeta Pt)
   115 |VAHDMIN |  1 |       |SM      MR|m^2/s           |RE-MIN Harm Visc Coefficient (m2/s) (Div Pt)
   116 |VA4DMIN |  1 |       |SM      MR|m^4/s           |RE-MIN Biharm Visc Coefficient (m4/s) (Div Pt)
   117 |VAHZLTH |  1 |       |SZ      MR|m^2/s           |Leith Harm Visc Coefficient (m2/s) (Zeta Pt)
   118 |VA4ZLTH |  1 |       |SZ      MR|m^4/s           |Leith Biharm Visc Coefficient (m4/s) (Zeta Pt)
   119 |VAHDLTH |  1 |       |SM      MR|m^2/s           |Leith Harm Visc Coefficient (m2/s) (Div Pt)
   120 |VA4DLTH |  1 |       |SM      MR|m^4/s           |Leith Biharm Visc Coefficient (m4/s) (Div Pt)
   121 |VAHZLTHD|  1 |       |SZ      MR|m^2/s           |LeithD Harm Visc Coefficient (m2/s) (Zeta Pt)
   122 |VA4ZLTHD|  1 |       |SZ      MR|m^4/s           |LeithD Biharm Visc Coefficient (m4/s) (Zeta Pt)
   123 |VAHDLTHD|  1 |       |SM      MR|m^2/s           |LeithD Harm Visc Coefficient (m2/s) (Div Pt)
   124 |VA4DLTHD|  1 |       |SM      MR|m^4/s           |LeithD Biharm Visc Coefficient (m4/s) (Div Pt)
   125 |VAHZSMAG|  1 |       |SZ      MR|m^2/s           |Smagorinsky Harm Visc Coefficient (m2/s) (Zeta Pt)
   126 |VA4ZSMAG|  1 |       |SZ      MR|m^4/s           |Smagorinsky Biharm Visc Coeff. (m4/s) (Zeta Pt)
   127 |VAHDSMAG|  1 |       |SM      MR|m^2/s           |Smagorinsky Harm Visc Coefficient (m2/s) (Div Pt)
   128 |VA4DSMAG|  1 |       |SM      MR|m^4/s           |Smagorinsky Biharm Visc Coeff. (m4/s) (Div Pt)
   129 |momKE   |  1 |       |SMR     MR|m^2/s^2         |Kinetic Energy (in momentum Eq.)
   130 |Stretch |  1 |       |SM      MR|s^-1            |Vortex stretching from QG Leith dynamic viscosity
   131 |USidDrag|  1 |   132 |UUR     MR|m/s^2           |U momentum tendency from Side Drag
   132 |VSidDrag|  1 |   131 |VVR     MR|m/s^2           |V momentum tendency from Side Drag
   133 |Um_Diss |  1 |   134 |UUR     MR|m/s^2           |U momentum tendency from Dissipation (Explicit part)
   134 |Vm_Diss |  1 |   133 |VVR     MR|m/s^2           |V momentum tendency from Dissipation (Explicit part)
   135 |Um_ImplD|  1 |   136 |UUR     MR|m/s^2           |U momentum tendency from Dissipation (Implicit part)
   136 |Vm_ImplD|  1 |   135 |VVR     MR|m/s^2           |V momentum tendency from Dissipation (Implicit part)
   137 |Um_Advec|  1 |   138 |UUR     MR|m/s^2           |U momentum tendency from Advection terms
   138 |Vm_Advec|  1 |   137 |VVR     MR|m/s^2           |V momentum tendency from Advection terms
   139 |Um_Cori |  1 |   140 |UUR     MR|m/s^2           |U momentum tendency from Coriolis term
   140 |Vm_Cori |  1 |   139 |VVR     MR|m/s^2           |V momentum tendency from Coriolis term
   141 |Um_dPhiX|  1 |   142 |UUR     MR|m/s^2           |U momentum tendency from Pressure/Potential grad
   142 |Vm_dPhiY|  1 |   141 |VVR     MR|m/s^2           |V momentum tendency from Pressure/Potential grad
   143 |Um_Ext  |  1 |   144 |UUR     MR|m/s^2           |U momentum tendency from external forcing
   144 |Vm_Ext  |  1 |   143 |VVR     MR|m/s^2           |V momentum tendency from external forcing
   145 |botTauX |  1 |   146 |UU      U1|N/m^2           |zonal bottom stress, >0 increases uVel
   146 |botTauY |  1 |   145 |VV      U1|N/m^2           |meridional bottom stress, >0 increases vVel
   147 |ADVx_Um |  1 |   148 |UM      MR|m^4/s^2         |Zonal      Advective Flux of U momentum
   148 |ADVy_Um |  1 |   147 |VZ      MR|m^4/s^2         |Meridional Advective Flux of U momentum
   149 |ADVrE_Um|  1 |       |WU      LR|m^4/s^2         |Vertical   Advective Flux of U momentum (Explicit part)
   150 |ADVx_Vm |  1 |   151 |UZ      MR|m^4/s^2         |Zonal      Advective Flux of V momentum
   151 |ADVy_Vm |  1 |   150 |VM      MR|m^4/s^2         |Meridional Advective Flux of V momentum
   152 |ADVrE_Vm|  1 |       |WV      LR|m^4/s^2         |Vertical   Advective Flux of V momentum (Explicit part)
   153 |VISCx_Um|  1 |   154 |UM      MR|m^4/s^2         |Zonal      Viscous Flux of U momentum
   154 |VISCy_Um|  1 |   153 |VZ      MR|m^4/s^2         |Meridional Viscous Flux of U momentum
   155 |VISrE_Um|  1 |       |WU      LR|m^4/s^2         |Vertical   Viscous Flux of U momentum (Explicit part)
   156 |VISrI_Um|  1 |       |WU      LR|m^4/s^2         |Vertical   Viscous Flux of U momentum (Implicit part)
   157 |VISCx_Vm|  1 |   158 |UZ      MR|m^4/s^2         |Zonal      Viscous Flux of V momentum
   158 |VISCy_Vm|  1 |   157 |VM      MR|m^4/s^2         |Meridional Viscous Flux of V momentum
   159 |VISrE_Vm|  1 |       |WV      LR|m^4/s^2         |Vertical   Viscous Flux of V momentum (Explicit part)
   160 |VISrI_Vm|  1 |       |WV      LR|m^4/s^2         |Vertical   Viscous Flux of V momentum (Implicit part)
------------------------------------------------------------------------------------
  Num  |<-Name->|Levs|  mate |<- code ->|<--  Units   -->|<- Tile (max=80c)         
------------------------------------------------------------------------------------
